  clip.cpp
  clip_win.cpp
  Config.cpp
  Settings.cpp
  ActiveSocket.cpp
  Client.cpp
  PassiveSocket.cpp
  SimpleSocket.cpp
  Xor.cpp
  Engine.cpp
C:\Users\123\Desktop\gamesense.net full source\Backend\DLL\Engine.cpp(28,10): fatal error C1083: Cannot open include file: 'detours.h': No such file or directory
  HWID.cpp
  Main.cpp
  c_fps.cpp
  EventListener.cpp
  c_legitbot2.cpp
  c_legit_backtrack.cpp
  c_legitbot.cpp
  c_triggerbot.cpp
  legit_utils.cpp
  LagCompensation.cpp
  Misc.cpp
  animation.cpp
  AntiAims.cpp
  CAutoWall.cpp
  c_backtrack.cpp
  c_playerlist.cpp
  c_ragebot.cpp
  Prediction.cpp
  Resolver.cpp
  cskin.cpp
  DynSkin.cpp
  item_definitions.cpp
  Memory.cpp
  skinchanger2.cpp
  Drawing.cpp
  EventLogger.cpp
  Visuals.cpp
  KeyHandler.cpp
  GlobalVariables.cpp
  Compiler terminating.  Please wait........... Abort complete.
